0 info it worked if it ends with ok
1 verbose cli [ 'C:\\Program Files\\nodejs\\node.exe',
1 verbose cli   'C:\\Program Files\\nodejs\\node_modules\\npm\\bin\\npm-cli.js',
1 verbose cli   'publish' ]
2 info using npm@3.10.10
3 info using node@v6.11.0
4 verbose publish [ '.' ]
5 silly cache add args [ '.', null ]
6 verbose cache add spec .
7 silly cache add parsed spec Result {
7 silly cache add   raw: '.',
7 silly cache add   scope: null,
7 silly cache add   escapedName: null,
7 silly cache add   name: null,
7 silly cache add   rawSpec: '.',
7 silly cache add   spec: 'C:\\package',
7 silly cache add   type: 'directory' }
8 verbose addLocalDirectory C:\Users\saranya.dhayalan\AppData\Roaming\npm-cache\package\1.0.0\package.tgz not in flight; packing
9 verbose correctMkdir C:\Users\saranya.dhayalan\AppData\Roaming\npm-cache correctMkdir not in flight; initializing
10 info lifecycle package@1.0.0~prepublish: package@1.0.0
11 silly lifecycle package@1.0.0~prepublish: no script for prepublish, continuing
12 verbose tar pack [ 'C:\\Users\\saranya.dhayalan\\AppData\\Roaming\\npm-cache\\package\\1.0.0\\package.tgz',
12 verbose tar pack   'C:\\package' ]
13 verbose tarball C:\Users\saranya.dhayalan\AppData\Roaming\npm-cache\package\1.0.0\package.tgz
14 verbose folder C:\package
15 verbose addLocalTarball adding from inside cache C:\Users\saranya.dhayalan\AppData\Roaming\npm-cache\package\1.0.0\package.tgz
16 verbose correctMkdir C:\Users\saranya.dhayalan\AppData\Roaming\npm-cache correctMkdir not in flight; initializing
17 silly cache afterAdd package@1.0.0
18 verbose afterAdd C:\Users\saranya.dhayalan\AppData\Roaming\npm-cache\package\1.0.0\package\package.json not in flight; writing
19 verbose correctMkdir C:\Users\saranya.dhayalan\AppData\Roaming\npm-cache correctMkdir not in flight; initializing
20 verbose afterAdd C:\Users\saranya.dhayalan\AppData\Roaming\npm-cache\package\1.0.0\package\package.json written
21 silly publish { name: 'package',
21 silly publish   version: '1.0.0',
21 silly publish   description: 'package',
21 silly publish   main: 'addition.js',
21 silly publish   scripts: { test: 'add' },
21 silly publish   repository:
21 silly publish    { type: 'git',
21 silly publish      url: 'git+https://github.com/saranya-dhayalan/package.git' },
21 silly publish   keywords: [ 'add' ],
21 silly publish   author: { name: 'saranya' },
21 silly publish   license: 'ISC',
21 silly publish   bugs: { url: 'https://github.com/saranya-dhayalan/package/issues' },
21 silly publish   homepage: 'https://github.com/saranya-dhayalan/package#readme',
21 silly publish   readme: '# package\r\npackage\r\n',
21 silly publish   readmeFilename: 'README.md',
21 silly publish   gitHead: '670e948898a9c0ff950aee11b4698c7d00e9d023',
21 silly publish   _id: 'package@1.0.0',
21 silly publish   _shasum: '103ffd78271333d0c3fffeceb9c132051392e7ed',
21 silly publish   _from: '.' }
22 verbose getPublishConfig undefined
23 silly mapToRegistry name package
24 silly mapToRegistry using default registry
25 silly mapToRegistry registry https://registry.npmjs.org/
26 silly mapToRegistry data Result {
26 silly mapToRegistry   raw: 'package',
26 silly mapToRegistry   scope: null,
26 silly mapToRegistry   escapedName: 'package',
26 silly mapToRegistry   name: 'package',
26 silly mapToRegistry   rawSpec: '',
26 silly mapToRegistry   spec: 'latest',
26 silly mapToRegistry   type: 'tag' }
27 silly mapToRegistry uri https://registry.npmjs.org/package
28 verbose publish registryBase https://registry.npmjs.org/
29 silly publish uploading C:\Users\saranya.dhayalan\AppData\Roaming\npm-cache\package\1.0.0\package.tgz
30 verbose request uri https://registry.npmjs.org/package
31 verbose request sending authorization for write operation
32 info attempt registry request try #1 at 5:46:10 PM
33 verbose request using bearer token for auth
34 verbose request id 96317e3c4d0224ab
35 http request PUT https://registry.npmjs.org/package
36 http 403 https://registry.npmjs.org/package
37 verbose headers { 'content-type': 'application/json',
37 verbose headers   'cache-control': 'max-age=300',
37 verbose headers   'content-length': '101',
37 verbose headers   'accept-ranges': 'bytes',
37 verbose headers   date: 'Fri, 14 Jul 2017 12:14:45 GMT',
37 verbose headers   via: '1.1 varnish',
37 verbose headers   connection: 'keep-alive',
37 verbose headers   'x-served-by': 'cache-sin18022-SIN',
37 verbose headers   'x-cache': 'MISS',
37 verbose headers   'x-cache-hits': '0',
37 verbose headers   'x-timer': 'S1500034485.349123,VS0,VE217',
37 verbose headers   vary: 'Accept-Encoding, Accept' }
38 verbose request invalidating C:\Users\saranya.dhayalan\AppData\Roaming\npm-cache\registry.npmjs.org\package on PUT
39 error publish Failed PUT 403
40 verbose stack Error: you do not have permission to publish "package". Are you logged in as the correct user? : package
40 verbose stack     at makeError (C:\Program Files\nodejs\node_modules\npm\node_modules\npm-registry-client\lib\request.js:302:12)
40 verbose stack     at CachingRegistryClient.<anonymous> (C:\Program Files\nodejs\node_modules\npm\node_modules\npm-registry-client\lib\request.js:290:14)
40 verbose stack     at Request._callback (C:\Program Files\nodejs\node_modules\npm\node_modules\npm-registry-client\lib\request.js:210:14)
40 verbose stack     at Request.self.callback (C:\Program Files\nodejs\node_modules\npm\node_modules\request\request.js:187:22)
40 verbose stack     at emitTwo (events.js:106:13)
40 verbose stack     at Request.emit (events.js:191:7)
40 verbose stack     at Request.<anonymous> (C:\Program Files\nodejs\node_modules\npm\node_modules\request\request.js:1048:10)
40 verbose stack     at emitOne (events.js:96:13)
40 verbose stack     at Request.emit (events.js:188:7)
40 verbose stack     at IncomingMessage.<anonymous> (C:\Program Files\nodejs\node_modules\npm\node_modules\request\request.js:969:12)
41 verbose statusCode 403
42 verbose pkgid package
43 verbose cwd C:\package
44 error Windows_NT 10.0.15063
45 error argv "C:\\Program Files\\nodejs\\node.exe" "C:\\Program Files\\nodejs\\node_modules\\npm\\bin\\npm-cli.js" "publish"
46 error node v6.11.0
47 error npm  v3.10.10
48 error code E403
49 error you do not have permission to publish "package". Are you logged in as the correct user? : package
50 error If you need help, you may report this error at:
50 error     <https://github.com/npm/npm/issues>
51 verbose exit [ 1, true ]
